<?xml version="1.0" encoding="UTF-8" ?>
<testsuite errors="0" failures="0" hostname="192-168-7-22" name="es.upm.miw.spai.ant.SumaTest" tests="2" time="0.047" timestamp="2013-10-17T10:29:47">
  <properties>
[...]
</properties>
  <testcase classname="es.upm.miw.spai.ant.SumaTest" name="aVerSiIncrementaBien" time="0.0" />
  <testcase classname="es.upm.miw.spai.ant.SumaTest" name="aVerSiSumaBien" time="0.0" />
  <system-out><![CDATA[]]></system-out>
  <system-err><![CDATA[]]></system-err>
</testsuite>
